<?xml version="1.0" encoding="UTF-8"?>
<!-- Generated by org.testng.reporters.JUnitXMLReporter -->
<testsuite ignored="0" hostname="DESKTOP-007FSC6" failures="0" tests="3" name="Test" time="63.522" errors="0" timestamp="2026-05-29T16:29:46 IST">
  <testcase classname="testcases.LaunchTest" name="verifyApplicationLaunch" time="0.104"/>
  <testcase classname="testcases.LoginTest" name="verifyLogin" time="13.551"/>
  <testcase classname="testcases.NegativeLoginTest" name="verifyInvalidLogin" time="11.73"/>
</testsuite> <!-- Test -->
