<?xml version="1.0" encoding="UTF-8"?>
<testng-results ignored="0" total="3" passed="3" failed="0" skipped="0">
  <reporter-output>
  </reporter-output>
  <suite started-at="2026-05-29T16:28:42 IST" name="Suite" finished-at="2026-05-29T16:29:46 IST" duration-ms="63522">
    <groups>
    </groups>
    <test started-at="2026-05-29T16:28:42 IST" name="Test" finished-at="2026-05-29T16:29:46 IST" duration-ms="63522">
      <class name="testcases.LaunchTest">
        <test-method is-config="true" signature="startApplication()[pri:0, instance:testcases.LaunchTest@776aec5c]" started-at="2026-05-29T16:28:42 IST" name="startApplication" finished-at="2026-05-29T16:28:57 IST" duration-ms="15144" status="PASS">
          <reporter-output>
          </reporter-output>
        </test-method> <!-- startApplication -->
        <test-method signature="verifyApplicationLaunch()[pri:0, instance:testcases.LaunchTest@776aec5c]" started-at="2026-05-29T16:28:57 IST" name="verifyApplicationLaunch" finished-at="2026-05-29T16:28:58 IST" duration-ms="104" status="PASS">
          <reporter-output>
          </reporter-output>
        </test-method> <!-- verifyApplicationLaunch -->
        <test-method is-config="true" signature="closeApplication()[pri:0, instance:testcases.LaunchTest@776aec5c]" started-at="2026-05-29T16:28:58 IST" name="closeApplication" finished-at="2026-05-29T16:28:58 IST" duration-ms="523" status="PASS">
          <reporter-output>
          </reporter-output>
        </test-method> <!-- closeApplication -->
      </class> <!-- testcases.LaunchTest -->
      <class name="testcases.NegativeLoginTest">
        <test-method is-config="true" signature="startApplication()[pri:0, instance:testcases.NegativeLoginTest@15de0b3c]" started-at="2026-05-29T16:29:21 IST" name="startApplication" finished-at="2026-05-29T16:29:33 IST" duration-ms="12787" status="PASS">
          <reporter-output>
          </reporter-output>
        </test-method> <!-- startApplication -->
        <test-method signature="verifyInvalidLogin()[pri:0, instance:testcases.NegativeLoginTest@15de0b3c]" started-at="2026-05-29T16:29:33 IST" name="verifyInvalidLogin" finished-at="2026-05-29T16:29:45 IST" duration-ms="11730" status="PASS">
          <reporter-output>
          </reporter-output>
        </test-method> <!-- verifyInvalidLogin -->
        <test-method is-config="true" signature="closeApplication()[pri:0, instance:testcases.NegativeLoginTest@15de0b3c]" started-at="2026-05-29T16:29:45 IST" name="closeApplication" finished-at="2026-05-29T16:29:46 IST" duration-ms="630" status="PASS">
          <reporter-output>
          </reporter-output>
        </test-method> <!-- closeApplication -->
      </class> <!-- testcases.NegativeLoginTest -->
      <class name="testcases.LoginTest">
        <test-method is-config="true" signature="startApplication()[pri:0, instance:testcases.LoginTest@1a677343]" started-at="2026-05-29T16:28:58 IST" name="startApplication" finished-at="2026-05-29T16:29:07 IST" duration-ms="8892" status="PASS">
          <reporter-output>
          </reporter-output>
        </test-method> <!-- startApplication -->
        <test-method signature="verifyLogin()[pri:0, instance:testcases.LoginTest@1a677343]" started-at="2026-05-29T16:29:07 IST" name="verifyLogin" finished-at="2026-05-29T16:29:21 IST" duration-ms="13551" status="PASS">
          <reporter-output>
          </reporter-output>
        </test-method> <!-- verifyLogin -->
        <test-method is-config="true" signature="closeApplication()[pri:0, instance:testcases.LoginTest@1a677343]" started-at="2026-05-29T16:29:21 IST" name="closeApplication" finished-at="2026-05-29T16:29:21 IST" duration-ms="7" status="PASS">
          <reporter-output>
          </reporter-output>
        </test-method> <!-- closeApplication -->
      </class> <!-- testcases.LoginTest -->
    </test> <!-- Test -->
  </suite> <!-- Suite -->
</testng-results>
